<?xml version="1.0" encoding="UTF-8"?>
<!-- Generated by org.testng.reporters.JUnitReportReporter -->
<testsuite hostname="DESKTOP-7J8M9JT" failures="0" tests="7" name="DemoQa.DemoQa.Interactions" time="209.492" errors="0" timestamp="2023-11-28T17:51:49 IST" skipped="0">
  <testcase classname="DemoQa.DemoQa.Interactions" name="elements" time="22.106"/>
  <testcase classname="DemoQa.DemoQa.Interactions" name="interaction" time="8.086"/>
  <testcase classname="DemoQa.DemoQa.Interactions" name="sortable" time="64.515"/>
  <testcase classname="DemoQa.DemoQa.Interactions" name="selectable" time="16.116"/>
  <testcase classname="DemoQa.DemoQa.Interactions" name="resizable" time="14.975"/>
  <testcase classname="DemoQa.DemoQa.Interactions" name="droppable" time="49.739"/>
  <testcase classname="DemoQa.DemoQa.Interactions" name="dragebble" time="33.955"/>
</testsuite> <!-- DemoQa.DemoQa.Interactions -->
