<?xml version="1.0" encoding="UTF-8"?>
<!-- Generated by org.testng.reporters.JUnitReportReporter -->
<testsuite hostname="DESKTOP-7J8M9JT" failures="0" tests="1" name="DemoQa.DemoQa.NewTest1" time="34.206" errors="0" timestamp="2023-11-28T16:53:54 IST" skipped="0">
  <testcase classname="DemoQa.DemoQa.NewTest1" name="elements" time="34.206"/>
</testsuite> <!-- DemoQa.DemoQa.NewTest1 -->
