<?xml version="1.0" encoding="UTF-8"?>
<!-- Generated by org.testng.reporters.JUnitReportReporter -->
<testsuite hostname="DESKTOP-7J8M9JT" failures="0" tests="11" name="DemoQa.DemoQa.Widgets" time="217.376" errors="0" timestamp="2023-11-28T13:31:31 IST" skipped="0">
  <testcase classname="DemoQa.DemoQa.Widgets" name="elements" time="22.111"/>
  <testcase classname="DemoQa.DemoQa.Widgets" name="widgets2" time="5.076"/>
  <testcase classname="DemoQa.DemoQa.Widgets" name="Accordian" time="19.386"/>
  <testcase classname="DemoQa.DemoQa.Widgets" name="autoComplete" time="22.530"/>
  <testcase classname="DemoQa.DemoQa.Widgets" name="datePicker" time="33.853"/>
  <testcase classname="DemoQa.DemoQa.Widgets" name="slider" time="4.834"/>
  <testcase classname="DemoQa.DemoQa.Widgets" name="progressBar" time="14.635"/>
  <testcase classname="DemoQa.DemoQa.Widgets" name="tabs" time="4.444"/>
  <testcase classname="DemoQa.DemoQa.Widgets" name="toolTips" time="40.781"/>
  <testcase classname="DemoQa.DemoQa.Widgets" name="selectMenu" time="28.657"/>
  <testcase classname="DemoQa.DemoQa.Widgets" name="menu" time="21.069"/>
</testsuite> <!-- DemoQa.DemoQa.Widgets -->
