<?xml version="1.0" encoding="UTF-8"?>
<!-- Generated by org.testng.reporters.JUnitReportReporter -->
<testsuite hostname="DESKTOP-7J8M9JT" failures="0" tests="3" name="DemoQa.DemoQa.Forms" time="78.435" errors="0" timestamp="2023-11-27T18:26:53 IST" skipped="0">
  <testcase classname="DemoQa.DemoQa.Forms" name="elements" time="17.126"/>
  <testcase classname="DemoQa.DemoQa.Forms" name="forms" time="5.098"/>
  <testcase classname="DemoQa.DemoQa.Forms" name="PracticeForm" time="56.211"/>
</testsuite> <!-- DemoQa.DemoQa.Forms -->
