<?xml version="1.0" encoding="UTF-8"?>
<!-- Generated by org.testng.reporters.JUnitReportReporter -->
<testsuite hostname="DESKTOP-7J8M9JT" failures="0" tests="7" name="DemoQa.DemoQa.AlertFrameswindows" time="155.475" errors="0" timestamp="2023-11-27T18:54:04 IST" skipped="0">
  <testcase classname="DemoQa.DemoQa.AlertFrameswindows" name="elements" time="22.213"/>
  <testcase classname="DemoQa.DemoQa.AlertFrameswindows" name="alertFramesandWindows" time="3.090"/>
  <testcase classname="DemoQa.DemoQa.AlertFrameswindows" name="broweserWindows" time="46.765"/>
  <testcase classname="DemoQa.DemoQa.AlertFrameswindows" name="alerts" time="24.604"/>
  <testcase classname="DemoQa.DemoQa.AlertFrameswindows" name="frames" time="15.188"/>
  <testcase classname="DemoQa.DemoQa.AlertFrameswindows" name="nestedFrames" time="32.261"/>
  <testcase classname="DemoQa.DemoQa.AlertFrameswindows" name="modalDialogs" time="11.354"/>
</testsuite> <!-- DemoQa.DemoQa.AlertFrameswindows -->
