<?xml version="1.0" encoding="UTF-8"?>
<!-- Generated by org.testng.reporters.JUnitReportReporter -->
<testsuite hostname="DESKTOP-7J8M9JT" failures="0" tests="3" name="DemoQa.DemoQa.NewTest" time="82.182" errors="0" timestamp="2023-11-28T15:39:15 IST" skipped="0">
  <testcase classname="DemoQa.DemoQa.NewTest" name="elements" time="22.099"/>
  <testcase classname="DemoQa.DemoQa.NewTest" name="interaction" time="8.076"/>
  <testcase classname="DemoQa.DemoQa.NewTest" name="resizable" time="52.007"/>
</testsuite> <!-- DemoQa.DemoQa.NewTest -->
