<?xml version="1.0" encoding="UTF-8"?>
<!-- Generated by org.testng.reporters.JUnitReportReporter -->
<testsuite hostname="DESKTOP-7J8M9JT" failures="0" tests="10" name="DemoQa.DemoQa.Elements" time="262.124" errors="0" timestamp="2023-11-27T18:06:57 IST" skipped="0">
  <testcase classname="DemoQa.DemoQa.Elements" name="elements" time="17.233"/>
  <testcase classname="DemoQa.DemoQa.Elements" name="textbox" time="15.983"/>
  <testcase classname="DemoQa.DemoQa.Elements" name="checkbox" time="10.419"/>
  <testcase classname="DemoQa.DemoQa.Elements" name="radiobutton" time="2.214"/>
  <testcase classname="DemoQa.DemoQa.Elements" name="webTables" time="36.490"/>
  <testcase classname="DemoQa.DemoQa.Elements" name="buttons" time="19.685"/>
  <testcase classname="DemoQa.DemoQa.Elements" name="links" time="116.803"/>
  <testcase classname="DemoQa.DemoQa.Elements" name="brokenLinksImages" time="29.683"/>
  <testcase classname="DemoQa.DemoQa.Elements" name="uploadAndDownload" time="13.359"/>
  <testcase classname="DemoQa.DemoQa.Elements" name="dynamicProperties" time="0.255"/>
</testsuite> <!-- DemoQa.DemoQa.Elements -->
